<?xml version="1.0" encoding="UTF-8"?>
<testsuite xmlns:xsi="http://www.w3.org/2001/XMLSchema-instance" xsi:noNamespaceSchemaLocation="https://maven.apache.org/surefire/maven-surefire-plugin/xsd/surefire-test-report-3.0.xsd" version="3.0" name="de.tudresden.agentontology.ontologyapplication.TestBlockchainConnection" time="2.286" tests="1" errors="0" skipped="0" failures="0">
  <properties>
    <property name="java.specification.version" value="15"/>
    <property name="sun.jnu.encoding" value="UTF-8"/>
    <property name="java.class.path" value="/media/zoint/D0F4-36FA/AllFiles/Projeler/zointblackbriar/Java_Examples/ontologyapplication/target/test-classes:/media/zoint/D0F4-36FA/AllFiles/Projeler/zointblackbriar/Java_Examples/ontologyapplication/target/classes:/home/zoint/.m2/repository/org/junit/jupiter/junit-jupiter-engine/5.7.1/junit-jupiter-engine-5.7.1.jar:/home/zoint/.m2/repository/org/apiguardian/apiguardian-api/1.1.0/apiguardian-api-1.1.0.jar:/home/zoint/.m2/repository/org/junit/platform/junit-platform-engine/1.7.1/junit-platform-engine-1.7.1.jar:/home/zoint/.m2/repository/org/opentest4j/opentest4j/1.2.0/opentest4j-1.2.0.jar:/home/zoint/.m2/repository/org/junit/platform/junit-platform-commons/1.7.1/junit-platform-commons-1.7.1.jar:/home/zoint/.m2/repository/org/junit/jupiter/junit-jupiter-api/5.7.1/junit-jupiter-api-5.7.1.jar:/home/zoint/.m2/repository/org/junit/jupiter/junit-jupiter-params/5.7.1/junit-jupiter-params-5.7.1.jar:/home/zoint/.m2/repository/com/gitlab/jade-project/jade/master-m4.5.3-g7862053-6/jade-master-m4.5.3-g7862053-6.jar:/home/zoint/.m2/repository/org/glassfish/corba/glassfish-corba-omgapi/4.2.4/glassfish-corba-omgapi-4.2.4.jar:/home/zoint/.m2/repository/commons-codec/commons-codec/1.15/commons-codec-1.15.jar:/home/zoint/.m2/repository/com/toedter/jcalendar/1.4/jcalendar-1.4.jar:/home/zoint/.m2/repository/org/glassfish/corba/glassfish-corba-orb/4.2.4/glassfish-corba-orb-4.2.4.jar:/home/zoint/.m2/repository/org/glassfish/corba/glassfish-corba-csiv2-idl/4.2.4/glassfish-corba-csiv2-idl-4.2.4.jar:/home/zoint/.m2/repository/org/glassfish/corba/glassfish-corba-internal-api/4.2.4/glassfish-corba-internal-api-4.2.4.jar:/home/zoint/.m2/repository/org/glassfish/corba/exception-annotation-processor/4.2.4/exception-annotation-processor-4.2.4.jar:/home/zoint/.m2/repository/org/osgi/org.osgi.core/6.0.0/org.osgi.core-6.0.0.jar:/home/zoint/.m2/repository/org/glassfish/gmbal/gmbal/4.0.0/gmbal-4.0.0.jar:/home/zoint/.m2/repository/org/glassfish/external/management-api/3.2.1/management-api-3.2.1.jar:/home/zoint/.m2/repository/org/glassfish/pfl/pfl-basic-tools/4.0.1/pfl-basic-tools-4.0.1.jar:/home/zoint/.m2/repository/org/glassfish/pfl/pfl-tf-tools/4.0.1/pfl-tf-tools-4.0.1.jar:/home/zoint/.m2/repository/org/glassfish/pfl/pfl-asm/4.0.1/pfl-asm-4.0.1.jar:/home/zoint/.m2/repository/org/glassfish/pfl/pfl-basic/4.1.2/pfl-basic-4.1.2.jar:/home/zoint/.m2/repository/org/glassfish/pfl/pfl-dynamic/4.1.2/pfl-dynamic-4.1.2.jar:/home/zoint/.m2/repository/org/ow2/asm/asm/9.1/asm-9.1.jar:/home/zoint/.m2/repository/org/ow2/asm/asm-util/9.1/asm-util-9.1.jar:/home/zoint/.m2/repository/org/glassfish/pfl/pfl-tf/4.1.2/pfl-tf-4.1.2.jar:/home/zoint/.m2/repository/org/web3j/core/5.0.0/core-5.0.0.jar:/home/zoint/.m2/repository/org/web3j/abi/5.0.0/abi-5.0.0.jar:/home/zoint/.m2/repository/org/web3j/utils/5.0.0/utils-5.0.0.jar:/home/zoint/.m2/repository/org/bouncycastle/bcprov-jdk15on/1.65/bcprov-jdk15on-1.65.jar:/home/zoint/.m2/repository/org/web3j/crypto/5.0.0/crypto-5.0.0.jar:/home/zoint/.m2/repository/org/web3j/rlp/5.0.0/rlp-5.0.0.jar:/home/zoint/.m2/repository/org/web3j/tuples/5.0.0/tuples-5.0.0.jar:/home/zoint/.m2/repository/com/github/jnr/jnr-unixsocket/0.21/jnr-unixsocket-0.21.jar:/home/zoint/.m2/repository/com/github/jnr/jnr-ffi/2.1.9/jnr-ffi-2.1.9.jar:/home/zoint/.m2/repository/com/github/jnr/jffi/1.2.17/jffi-1.2.17.jar:/home/zoint/.m2/repository/com/github/jnr/jffi/1.2.16/jffi-1.2.16-native.jar:/home/zoint/.m2/repository/org/ow2/asm/asm-commons/5.0.3/asm-commons-5.0.3.jar:/home/zoint/.m2/repository/org/ow2/asm/asm-analysis/5.0.3/asm-analysis-5.0.3.jar:/home/zoint/.m2/repository/org/ow2/asm/asm-tree/5.0.3/asm-tree-5.0.3.jar:/home/zoint/.m2/repository/com/github/jnr/jnr-a64asm/1.0.0/jnr-a64asm-1.0.0.jar:/home/zoint/.m2/repository/com/github/jnr/jnr-x86asm/1.0.2/jnr-x86asm-1.0.2.jar:/home/zoint/.m2/repository/com/github/jnr/jnr-constants/0.9.11/jnr-constants-0.9.11.jar:/home/zoint/.m2/repository/com/github/jnr/jnr-enxio/0.19/jnr-enxio-0.19.jar:/home/zoint/.m2/repository/com/github/jnr/jnr-posix/3.0.47/jnr-posix-3.0.47.jar:/home/zoint/.m2/repository/com/squareup/okhttp3/okhttp/4.3.1/okhttp-4.3.1.jar:/home/zoint/.m2/repository/com/squareup/okio/okio/2.4.1/okio-2.4.1.jar:/home/zoint/.m2/repository/org/jetbrains/kotlin/kotlin-stdlib-common/1.3.50/kotlin-stdlib-common-1.3.50.jar:/home/zoint/.m2/repository/org/jetbrains/kotlin/kotlin-stdlib/1.3.61/kotlin-stdlib-1.3.61.jar:/home/zoint/.m2/repository/org/jetbrains/annotations/13.0/annotations-13.0.jar:/home/zoint/.m2/repository/com/squareup/okhttp3/logging-interceptor/4.3.1/logging-interceptor-4.3.1.jar:/home/zoint/.m2/repository/io/reactivex/rxjava2/rxjava/2.2.2/rxjava-2.2.2.jar:/home/zoint/.m2/repository/org/reactivestreams/reactive-streams/1.0.2/reactive-streams-1.0.2.jar:/home/zoint/.m2/repository/org/java-websocket/Java-WebSocket/1.3.8/Java-WebSocket-1.3.8.jar:/home/zoint/.m2/repository/com/fasterxml/jackson/core/jackson-databind/2.8.11.6/jackson-databind-2.8.11.6.jar:/home/zoint/.m2/repository/com/fasterxml/jackson/core/jackson-annotations/2.8.0/jackson-annotations-2.8.0.jar:/home/zoint/.m2/repository/com/fasterxml/jackson/core/jackson-core/2.8.10/jackson-core-2.8.10.jar:/home/zoint/.m2/repository/org/slf4j/slf4j-api/1.7.25/slf4j-api-1.7.25.jar:/home/zoint/.m2/repository/org/activecomponents/jadex/jadex-distribution-minimal/4.0.241/jadex-distribution-minimal-4.0.241.jar:/home/zoint/.m2/repository/org/activecomponents/jadex/jadex-kernel-micro/4.0.241/jadex-kernel-micro-4.0.241.jar:/home/zoint/.m2/repository/org/activecomponents/jadex/jadex-util-commons/4.0.241/jadex-util-commons-4.0.241.jar:/home/zoint/.m2/repository/org/activecomponents/jadex/jadex-util-javaparser/4.0.241/jadex-util-javaparser-4.0.241.jar:/home/zoint/.m2/repository/org/activecomponents/jadex/jadex-platform-bridge/4.0.241/jadex-platform-bridge-4.0.241.jar:/home/zoint/.m2/repository/org/activecomponents/jadex/jadex-util-concurrent/4.0.241/jadex-util-concurrent-4.0.241.jar:/home/zoint/.m2/repository/org/activecomponents/jadex/jadex-util-bytecode/4.0.241/jadex-util-bytecode-4.0.241.jar:/home/zoint/.m2/repository/junit/junit/4.11/junit-4.11.jar:/home/zoint/.m2/repository/org/hamcrest/hamcrest-core/1.3/hamcrest-core-1.3.jar:/home/zoint/.m2/repository/net/cinnom/nano-cuckoo/1.0.0/nano-cuckoo-1.0.0.jar:/home/zoint/.m2/repository/io/opentracing/opentracing-api/0.33.0/opentracing-api-0.33.0.jar:/home/zoint/.m2/repository/io/opentracing/opentracing-util/0.33.0/opentracing-util-0.33.0.jar:/home/zoint/.m2/repository/io/opentracing/opentracing-noop/0.33.0/opentracing-noop-0.33.0.jar:/home/zoint/.m2/repository/io/opentracing/opentracing-mock/0.33.0/opentracing-mock-0.33.0.jar:/home/zoint/.m2/repository/org/activecomponents/jadex/jadex-kernel-base/4.0.241/jadex-kernel-base-4.0.241.jar:/home/zoint/.m2/repository/org/activecomponents/jadex/jadex-kernel-microservice/4.0.241/jadex-kernel-microservice-4.0.241.jar:/home/zoint/.m2/repository/org/activecomponents/jadex/jadex-platform-base/4.0.241/jadex-platform-base-4.0.241.jar:/home/zoint/.m2/repository/org/activecomponents/jadex/jadex-util-gui/4.0.241/jadex-util-gui-4.0.241.jar:/home/zoint/.m2/repository/org/activecomponents/jadex/jadex-util-security/4.0.241/jadex-util-security-4.0.241.jar:/home/zoint/.m2/repository/org/bouncycastle/bcpkix-jdk15on/1.59/bcpkix-jdk15on-1.59.jar:/home/zoint/.m2/repository/net/java/dev/jna/jna/4.5.2/jna-4.5.2.jar:/home/zoint/.m2/repository/net/java/dev/jna/jna-platform/4.5.2/jna-platform-4.5.2.jar:/home/zoint/.m2/repository/org/activecomponents/jadex/jadex-serialization-binary/4.0.241/jadex-serialization-binary-4.0.241.jar:/home/zoint/.m2/repository/org/activecomponents/jadex/jadex-serialization-traverser/4.0.241/jadex-serialization-traverser-4.0.241.jar:/home/zoint/.m2/repository/org/activecomponents/jadex/jadex-serialization-json/4.0.241/jadex-serialization-json-4.0.241.jar:/home/zoint/.m2/repository/com/eclipsesource/minimal-json/minimal-json/0.9.4/minimal-json-0.9.4.jar:/home/zoint/.m2/repository/org/activecomponents/jadex/jadex-serialization-xml/4.0.241/jadex-serialization-xml-4.0.241.jar:/home/zoint/.m2/repository/org/activecomponents/jadex/jadex-kernel-bpmn/4.0.241/jadex-kernel-bpmn-4.0.241.jar:/home/zoint/.m2/repository/org/activecomponents/jadex/jadex-kernel-model-bpmn/4.0.241/jadex-kernel-model-bpmn-4.0.241.jar:/home/zoint/.m2/repository/org/activecomponents/jadex/jadex-rules-eca/4.0.241/jadex-rules-eca-4.0.241.jar:/home/zoint/.m2/repository/commons-daemon/commons-daemon/1.0.10/commons-daemon-1.0.10.jar:/home/zoint/.m2/repository/javax/mail/mail/1.4.5/mail-1.4.5.jar:/home/zoint/.m2/repository/javax/activation/activation/1.1/activation-1.1.jar:/home/zoint/.m2/repository/org/tukaani/xz/1.5/xz-1.5.jar:/home/zoint/.m2/repository/net/jpountz/lz4/lz4/1.3.0/lz4-1.3.0.jar:/home/zoint/.m2/repository/org/xerial/snappy/snappy-java/1.1.2.6/snappy-java-1.1.2.6.jar:/home/zoint/.m2/repository/net/i2p/crypto/eddsa/0.2.0/eddsa-0.2.0.jar:/home/zoint/.m2/repository/org/activecomponents/jadex/jadex-transport-base/4.0.241/jadex-transport-base-4.0.241.jar:/home/zoint/.m2/repository/org/activecomponents/jadex/jadex-transport-tcp/4.0.241/jadex-transport-tcp-4.0.241.jar:/home/zoint/.m2/repository/org/activecomponents/jadex/jadex-transport-relay/4.0.241/jadex-transport-relay-4.0.241.jar:/home/zoint/.m2/repository/org/activecomponents/jadex/jadex-transport-websocket/4.0.241/jadex-transport-websocket-4.0.241.jar:/home/zoint/.m2/repository/org/nanohttpd/nanohttpd-websocket/2.3.1/nanohttpd-websocket-2.3.1.jar:/home/zoint/.m2/repository/org/nanohttpd/nanohttpd/2.3.1/nanohttpd-2.3.1.jar:/home/zoint/.m2/repository/com/neovisionaries/nv-websocket-client/2.3/nv-websocket-client-2.3.jar:"/>
    <property name="java.vm.vendor" value="Oracle Corporation"/>
    <property name="sun.arch.data.model" value="64"/>
    <property name="java.vendor.url" value="https://java.oracle.com/"/>
    <property name="user.timezone" value="Europe/Berlin"/>
    <property name="os.name" value="Linux"/>
    <property name="java.vm.specification.version" value="15"/>
    <property name="sun.java.launcher" value="SUN_STANDARD"/>
    <property name="user.country" value="US"/>
    <property name="sun.boot.library.path" value="/home/zoint/.p2/pool/plugins/org.eclipse.justj.openjdk.hotspot.jre.full.linux.x86_64_15.0.2.v20210201-0955/jre/lib"/>
    <property name="sun.java.command" value="/media/zoint/D0F4-36FA/AllFiles/Projeler/zointblackbriar/Java_Examples/ontologyapplication/target/surefire/surefirebooter4177814765853201887.jar /media/zoint/D0F4-36FA/AllFiles/Projeler/zointblackbriar/Java_Examples/ontologyapplication/target/surefire 2022-03-08T16-08-19_481-jvmRun1 surefire2635553692008285974tmp surefire_014949360992649339221tmp"/>
    <property name="jdk.debug" value="release"/>
    <property name="surefire.test.class.path" value="/media/zoint/D0F4-36FA/AllFiles/Projeler/zointblackbriar/Java_Examples/ontologyapplication/target/test-classes:/media/zoint/D0F4-36FA/AllFiles/Projeler/zointblackbriar/Java_Examples/ontologyapplication/target/classes:/home/zoint/.m2/repository/org/junit/jupiter/junit-jupiter-engine/5.7.1/junit-jupiter-engine-5.7.1.jar:/home/zoint/.m2/repository/org/apiguardian/apiguardian-api/1.1.0/apiguardian-api-1.1.0.jar:/home/zoint/.m2/repository/org/junit/platform/junit-platform-engine/1.7.1/junit-platform-engine-1.7.1.jar:/home/zoint/.m2/repository/org/opentest4j/opentest4j/1.2.0/opentest4j-1.2.0.jar:/home/zoint/.m2/repository/org/junit/platform/junit-platform-commons/1.7.1/junit-platform-commons-1.7.1.jar:/home/zoint/.m2/repository/org/junit/jupiter/junit-jupiter-api/5.7.1/junit-jupiter-api-5.7.1.jar:/home/zoint/.m2/repository/org/junit/jupiter/junit-jupiter-params/5.7.1/junit-jupiter-params-5.7.1.jar:/home/zoint/.m2/repository/com/gitlab/jade-project/jade/master-m4.5.3-g7862053-6/jade-master-m4.5.3-g7862053-6.jar:/home/zoint/.m2/repository/org/glassfish/corba/glassfish-corba-omgapi/4.2.4/glassfish-corba-omgapi-4.2.4.jar:/home/zoint/.m2/repository/commons-codec/commons-codec/1.15/commons-codec-1.15.jar:/home/zoint/.m2/repository/com/toedter/jcalendar/1.4/jcalendar-1.4.jar:/home/zoint/.m2/repository/org/glassfish/corba/glassfish-corba-orb/4.2.4/glassfish-corba-orb-4.2.4.jar:/home/zoint/.m2/repository/org/glassfish/corba/glassfish-corba-csiv2-idl/4.2.4/glassfish-corba-csiv2-idl-4.2.4.jar:/home/zoint/.m2/repository/org/glassfish/corba/glassfish-corba-internal-api/4.2.4/glassfish-corba-internal-api-4.2.4.jar:/home/zoint/.m2/repository/org/glassfish/corba/exception-annotation-processor/4.2.4/exception-annotation-processor-4.2.4.jar:/home/zoint/.m2/repository/org/osgi/org.osgi.core/6.0.0/org.osgi.core-6.0.0.jar:/home/zoint/.m2/repository/org/glassfish/gmbal/gmbal/4.0.0/gmbal-4.0.0.jar:/home/zoint/.m2/repository/org/glassfish/external/management-api/3.2.1/management-api-3.2.1.jar:/home/zoint/.m2/repository/org/glassfish/pfl/pfl-basic-tools/4.0.1/pfl-basic-tools-4.0.1.jar:/home/zoint/.m2/repository/org/glassfish/pfl/pfl-tf-tools/4.0.1/pfl-tf-tools-4.0.1.jar:/home/zoint/.m2/repository/org/glassfish/pfl/pfl-asm/4.0.1/pfl-asm-4.0.1.jar:/home/zoint/.m2/repository/org/glassfish/pfl/pfl-basic/4.1.2/pfl-basic-4.1.2.jar:/home/zoint/.m2/repository/org/glassfish/pfl/pfl-dynamic/4.1.2/pfl-dynamic-4.1.2.jar:/home/zoint/.m2/repository/org/ow2/asm/asm/9.1/asm-9.1.jar:/home/zoint/.m2/repository/org/ow2/asm/asm-util/9.1/asm-util-9.1.jar:/home/zoint/.m2/repository/org/glassfish/pfl/pfl-tf/4.1.2/pfl-tf-4.1.2.jar:/home/zoint/.m2/repository/org/web3j/core/5.0.0/core-5.0.0.jar:/home/zoint/.m2/repository/org/web3j/abi/5.0.0/abi-5.0.0.jar:/home/zoint/.m2/repository/org/web3j/utils/5.0.0/utils-5.0.0.jar:/home/zoint/.m2/repository/org/bouncycastle/bcprov-jdk15on/1.65/bcprov-jdk15on-1.65.jar:/home/zoint/.m2/repository/org/web3j/crypto/5.0.0/crypto-5.0.0.jar:/home/zoint/.m2/repository/org/web3j/rlp/5.0.0/rlp-5.0.0.jar:/home/zoint/.m2/repository/org/web3j/tuples/5.0.0/tuples-5.0.0.jar:/home/zoint/.m2/repository/com/github/jnr/jnr-unixsocket/0.21/jnr-unixsocket-0.21.jar:/home/zoint/.m2/repository/com/github/jnr/jnr-ffi/2.1.9/jnr-ffi-2.1.9.jar:/home/zoint/.m2/repository/com/github/jnr/jffi/1.2.17/jffi-1.2.17.jar:/home/zoint/.m2/repository/com/github/jnr/jffi/1.2.16/jffi-1.2.16-native.jar:/home/zoint/.m2/repository/org/ow2/asm/asm-commons/5.0.3/asm-commons-5.0.3.jar:/home/zoint/.m2/repository/org/ow2/asm/asm-analysis/5.0.3/asm-analysis-5.0.3.jar:/home/zoint/.m2/repository/org/ow2/asm/asm-tree/5.0.3/asm-tree-5.0.3.jar:/home/zoint/.m2/repository/com/github/jnr/jnr-a64asm/1.0.0/jnr-a64asm-1.0.0.jar:/home/zoint/.m2/repository/com/github/jnr/jnr-x86asm/1.0.2/jnr-x86asm-1.0.2.jar:/home/zoint/.m2/repository/com/github/jnr/jnr-constants/0.9.11/jnr-constants-0.9.11.jar:/home/zoint/.m2/repository/com/github/jnr/jnr-enxio/0.19/jnr-enxio-0.19.jar:/home/zoint/.m2/repository/com/github/jnr/jnr-posix/3.0.47/jnr-posix-3.0.47.jar:/home/zoint/.m2/repository/com/squareup/okhttp3/okhttp/4.3.1/okhttp-4.3.1.jar:/home/zoint/.m2/repository/com/squareup/okio/okio/2.4.1/okio-2.4.1.jar:/home/zoint/.m2/repository/org/jetbrains/kotlin/kotlin-stdlib-common/1.3.50/kotlin-stdlib-common-1.3.50.jar:/home/zoint/.m2/repository/org/jetbrains/kotlin/kotlin-stdlib/1.3.61/kotlin-stdlib-1.3.61.jar:/home/zoint/.m2/repository/org/jetbrains/annotations/13.0/annotations-13.0.jar:/home/zoint/.m2/repository/com/squareup/okhttp3/logging-interceptor/4.3.1/logging-interceptor-4.3.1.jar:/home/zoint/.m2/repository/io/reactivex/rxjava2/rxjava/2.2.2/rxjava-2.2.2.jar:/home/zoint/.m2/repository/org/reactivestreams/reactive-streams/1.0.2/reactive-streams-1.0.2.jar:/home/zoint/.m2/repository/org/java-websocket/Java-WebSocket/1.3.8/Java-WebSocket-1.3.8.jar:/home/zoint/.m2/repository/com/fasterxml/jackson/core/jackson-databind/2.8.11.6/jackson-databind-2.8.11.6.jar:/home/zoint/.m2/repository/com/fasterxml/jackson/core/jackson-annotations/2.8.0/jackson-annotations-2.8.0.jar:/home/zoint/.m2/repository/com/fasterxml/jackson/core/jackson-core/2.8.10/jackson-core-2.8.10.jar:/home/zoint/.m2/repository/org/slf4j/slf4j-api/1.7.25/slf4j-api-1.7.25.jar:/home/zoint/.m2/repository/org/activecomponents/jadex/jadex-distribution-minimal/4.0.241/jadex-distribution-minimal-4.0.241.jar:/home/zoint/.m2/repository/org/activecomponents/jadex/jadex-kernel-micro/4.0.241/jadex-kernel-micro-4.0.241.jar:/home/zoint/.m2/repository/org/activecomponents/jadex/jadex-util-commons/4.0.241/jadex-util-commons-4.0.241.jar:/home/zoint/.m2/repository/org/activecomponents/jadex/jadex-util-javaparser/4.0.241/jadex-util-javaparser-4.0.241.jar:/home/zoint/.m2/repository/org/activecomponents/jadex/jadex-platform-bridge/4.0.241/jadex-platform-bridge-4.0.241.jar:/home/zoint/.m2/repository/org/activecomponents/jadex/jadex-util-concurrent/4.0.241/jadex-util-concurrent-4.0.241.jar:/home/zoint/.m2/repository/org/activecomponents/jadex/jadex-util-bytecode/4.0.241/jadex-util-bytecode-4.0.241.jar:/home/zoint/.m2/repository/junit/junit/4.11/junit-4.11.jar:/home/zoint/.m2/repository/org/hamcrest/hamcrest-core/1.3/hamcrest-core-1.3.jar:/home/zoint/.m2/repository/net/cinnom/nano-cuckoo/1.0.0/nano-cuckoo-1.0.0.jar:/home/zoint/.m2/repository/io/opentracing/opentracing-api/0.33.0/opentracing-api-0.33.0.jar:/home/zoint/.m2/repository/io/opentracing/opentracing-util/0.33.0/opentracing-util-0.33.0.jar:/home/zoint/.m2/repository/io/opentracing/opentracing-noop/0.33.0/opentracing-noop-0.33.0.jar:/home/zoint/.m2/repository/io/opentracing/opentracing-mock/0.33.0/opentracing-mock-0.33.0.jar:/home/zoint/.m2/repository/org/activecomponents/jadex/jadex-kernel-base/4.0.241/jadex-kernel-base-4.0.241.jar:/home/zoint/.m2/repository/org/activecomponents/jadex/jadex-kernel-microservice/4.0.241/jadex-kernel-microservice-4.0.241.jar:/home/zoint/.m2/repository/org/activecomponents/jadex/jadex-platform-base/4.0.241/jadex-platform-base-4.0.241.jar:/home/zoint/.m2/repository/org/activecomponents/jadex/jadex-util-gui/4.0.241/jadex-util-gui-4.0.241.jar:/home/zoint/.m2/repository/org/activecomponents/jadex/jadex-util-security/4.0.241/jadex-util-security-4.0.241.jar:/home/zoint/.m2/repository/org/bouncycastle/bcpkix-jdk15on/1.59/bcpkix-jdk15on-1.59.jar:/home/zoint/.m2/repository/net/java/dev/jna/jna/4.5.2/jna-4.5.2.jar:/home/zoint/.m2/repository/net/java/dev/jna/jna-platform/4.5.2/jna-platform-4.5.2.jar:/home/zoint/.m2/repository/org/activecomponents/jadex/jadex-serialization-binary/4.0.241/jadex-serialization-binary-4.0.241.jar:/home/zoint/.m2/repository/org/activecomponents/jadex/jadex-serialization-traverser/4.0.241/jadex-serialization-traverser-4.0.241.jar:/home/zoint/.m2/repository/org/activecomponents/jadex/jadex-serialization-json/4.0.241/jadex-serialization-json-4.0.241.jar:/home/zoint/.m2/repository/com/eclipsesource/minimal-json/minimal-json/0.9.4/minimal-json-0.9.4.jar:/home/zoint/.m2/repository/org/activecomponents/jadex/jadex-serialization-xml/4.0.241/jadex-serialization-xml-4.0.241.jar:/home/zoint/.m2/repository/org/activecomponents/jadex/jadex-kernel-bpmn/4.0.241/jadex-kernel-bpmn-4.0.241.jar:/home/zoint/.m2/repository/org/activecomponents/jadex/jadex-kernel-model-bpmn/4.0.241/jadex-kernel-model-bpmn-4.0.241.jar:/home/zoint/.m2/repository/org/activecomponents/jadex/jadex-rules-eca/4.0.241/jadex-rules-eca-4.0.241.jar:/home/zoint/.m2/repository/commons-daemon/commons-daemon/1.0.10/commons-daemon-1.0.10.jar:/home/zoint/.m2/repository/javax/mail/mail/1.4.5/mail-1.4.5.jar:/home/zoint/.m2/repository/javax/activation/activation/1.1/activation-1.1.jar:/home/zoint/.m2/repository/org/tukaani/xz/1.5/xz-1.5.jar:/home/zoint/.m2/repository/net/jpountz/lz4/lz4/1.3.0/lz4-1.3.0.jar:/home/zoint/.m2/repository/org/xerial/snappy/snappy-java/1.1.2.6/snappy-java-1.1.2.6.jar:/home/zoint/.m2/repository/net/i2p/crypto/eddsa/0.2.0/eddsa-0.2.0.jar:/home/zoint/.m2/repository/org/activecomponents/jadex/jadex-transport-base/4.0.241/jadex-transport-base-4.0.241.jar:/home/zoint/.m2/repository/org/activecomponents/jadex/jadex-transport-tcp/4.0.241/jadex-transport-tcp-4.0.241.jar:/home/zoint/.m2/repository/org/activecomponents/jadex/jadex-transport-relay/4.0.241/jadex-transport-relay-4.0.241.jar:/home/zoint/.m2/repository/org/activecomponents/jadex/jadex-transport-websocket/4.0.241/jadex-transport-websocket-4.0.241.jar:/home/zoint/.m2/repository/org/nanohttpd/nanohttpd-websocket/2.3.1/nanohttpd-websocket-2.3.1.jar:/home/zoint/.m2/repository/org/nanohttpd/nanohttpd/2.3.1/nanohttpd-2.3.1.jar:/home/zoint/.m2/repository/com/neovisionaries/nv-websocket-client/2.3/nv-websocket-client-2.3.jar:"/>
    <property name="sun.cpu.endian" value="little"/>
    <property name="user.home" value="/home/zoint"/>
    <property name="user.language" value="en"/>
    <property name="java.specification.vendor" value="Oracle Corporation"/>
    <property name="java.version.date" value="2021-01-19"/>
    <property name="java.home" value="/home/zoint/.p2/pool/plugins/org.eclipse.justj.openjdk.hotspot.jre.full.linux.x86_64_15.0.2.v20210201-0955/jre"/>
    <property name="file.separator" value="/"/>
    <property name="basedir" value="/media/zoint/D0F4-36FA/AllFiles/Projeler/zointblackbriar/Java_Examples/ontologyapplication"/>
    <property name="java.vm.compressedOopsMode" value="Zero based"/>
    <property name="line.separator" value="&#10;"/>
    <property name="java.vm.specification.vendor" value="Oracle Corporation"/>
    <property name="java.specification.name" value="Java Platform API Specification"/>
    <property name="surefire.real.class.path" value="/media/zoint/D0F4-36FA/AllFiles/Projeler/zointblackbriar/Java_Examples/ontologyapplication/target/surefire/surefirebooter4177814765853201887.jar"/>
    <property name="sun.management.compiler" value="HotSpot 64-Bit Tiered Compilers"/>
    <property name="java.runtime.version" value="15.0.2+7-27"/>
    <property name="user.name" value="zoint"/>
    <property name="path.separator" value=":"/>
    <property name="os.version" value="5.13.0-30-generic"/>
    <property name="java.runtime.name" value="OpenJDK Runtime Environment"/>
    <property name="file.encoding" value="UTF-8"/>
    <property name="java.vm.name" value="OpenJDK 64-Bit Server VM"/>
    <property name="localRepository" value="/home/zoint/.m2/repository"/>
    <property name="java.vendor.url.bug" value="https://bugreport.java.com/bugreport/"/>
    <property name="java.io.tmpdir" value="/tmp"/>
    <property name="java.version" value="15.0.2"/>
    <property name="user.dir" value="/media/zoint/D0F4-36FA/AllFiles/Projeler/zointblackbriar/Java_Examples/ontologyapplication"/>
    <property name="os.arch" value="amd64"/>
    <property name="java.vm.specification.name" value="Java Virtual Machine Specification"/>
    <property name="java.library.path" value="/usr/java/packages/lib:/usr/lib64:/lib64:/lib:/usr/lib"/>
    <property name="java.vm.info" value="mixed mode"/>
    <property name="java.vendor" value="Oracle Corporation"/>
    <property name="java.vm.version" value="15.0.2+7-27"/>
    <property name="sun.io.unicode.encoding" value="UnicodeLittle"/>
    <property name="java.class.version" value="59.0"/>
  </properties>
  <testcase name="testBlockchainConnector" classname="de.tudresden.agentontology.ontologyapplication.TestBlockchainConnection" time="2.285">
    <system-err><![CDATA[SLF4J: Failed to load class "org.slf4j.impl.StaticLoggerBinder".
SLF4J: Defaulting to no-operation (NOP) logger implementation
SLF4J: See http://www.slf4j.org/codes.html#StaticLoggerBinder for further details.
Mar 08, 2022 4:08:21 PM de.tudresden.agentontology.blockchainconnect.BlockchainConnection runBlockchainConnector
INFO: Connected to the Ethereum client: EthereumJS TestRPC/v2.13.2/ethereum-js
Mar 08, 2022 4:08:21 PM de.tudresden.agentontology.blockchainconnect.BlockchainConnection runBlockchainConnector
INFO: connected account: 0x1902adc179f20dc762425af56fbc62df49c492dc
Mar 08, 2022 4:08:21 PM de.tudresden.agentontology.blockchainconnect.BlockchainConnection runBlockchainConnector
INFO: Credentials loaded
Mar 08, 2022 4:08:21 PM de.tudresden.agentontology.blockchainconnect.BlockchainConnection runBlockchainConnector
INFO: Sending 1 Wei0.000000000000000001
Mar 08, 2022 4:08:21 PM de.tudresden.agentontology.blockchainconnect.BlockchainConnection runBlockchainConnector
INFO: Transaction complete and get me the hash value of the transaction: 0x9df77f0121166a3870fa62fe36f6b8519ccca9890a55c5a763956718622faed8
Mar 08, 2022 4:08:21 PM de.tudresden.agentontology.blockchainconnect.BlockchainConnection runBlockchainConnector
INFO: Deploying smart contracts
Mar 08, 2022 4:08:22 PM de.tudresden.agentontology.blockchainconnect.BlockchainConnection runGreeterContract
INFO: Smart contract deployed to address: 0xfaaffc52daed8557370b3a3eec0ce77064ab0421
Mar 08, 2022 4:08:22 PM de.tudresden.agentontology.blockchainconnect.BlockchainConnection runGreeterContract
INFO: Value stored in remote smart contract: 0x1902adC179f20Dc762425aF56fBc62DF49c492DC
Mar 08, 2022 4:08:22 PM de.tudresden.agentontology.blockchainconnect.BlockchainConnection runGreeterContract
INFO: new value stored in remote smart contracts: Agent 1 sends an INFORM message from FIPAACL
Mar 08, 2022 4:08:22 PM de.tudresden.agentontology.blockchainconnect.BlockchainConnection runGreeterContract
INFO: Modify event fired, previous value: 0x1902adC179f20Dc762425aF56fBc62DF49c492DC new value: Hello agent application
Mar 08, 2022 4:08:22 PM de.tudresden.agentontology.blockchainconnect.BlockchainConnection runGreeterContract
INFO: Indexed event previous value: 0x44e8c0e21c5694c809072bf01acf9a39d0144ab1f97c9393f5a0956b6b4e8a9dnew Value: 0x33f99befad855e222e6de1f181c396801ba2564acde6dcc8e4e47ef3530dab0d
Mar 08, 2022 4:08:22 PM de.tudresden.agentontology.blockchainconnect.BlockchainConnection runGreeterContract
INFO: Get logs: Log{removed=false, logIndex='0x0', transactionIndex='0x0', transactionHash='0x239f29732909ef17cf508d144383cb536a1090323917672a88806c9775d1edac', blockHash='0xbfb1c5c5f394a945fe1d703fafbe52f3a6daed947421f6f16ce9a8d47192bf21', blockNumber='0x3', address='0xfaaffc52daed8557370b3a3eec0ce77064ab0421', data='0x000000000000000000000000000000000000000000000000000000000000004000000000000000000000000000000000000000000000000000000000000000a0000000000000000000000000000000000000000000000000000000000000002a30783139303261644331373966323044633736323432356146353666426336324446343963343932444300000000000000000000000000000000000000000000000000000000000000000000000000000000000000000000000000000000001748656c6c6f206167656e74206170706c69636174696f6e000000000000000000', type='mined', topics=[0x047dcd1aa8b77b0b943642129c767533eeacd700c7c1eab092b8ce05d2b2faf5, 0x44e8c0e21c5694c809072bf01acf9a39d0144ab1f97c9393f5a0956b6b4e8a9d, 0x33f99befad855e222e6de1f181c396801ba2564acde6dcc8e4e47ef3530dab0d]}
Mar 08, 2022 4:08:22 PM de.tudresden.agentontology.blockchainconnect.BlockchainConnection runGreeterContract
INFO: Modify event fired, previous value: Hello agent application new value: Agent 1 sends an INFORM message from FIPAACL
Mar 08, 2022 4:08:22 PM de.tudresden.agentontology.blockchainconnect.BlockchainConnection runGreeterContract
INFO: Indexed event previous value: 0x33f99befad855e222e6de1f181c396801ba2564acde6dcc8e4e47ef3530dab0dnew Value: 0xa91aff045b6d3bf755756ac1a7d56dd6d95abb39d558f9ae4783e407e272a35f
Mar 08, 2022 4:08:22 PM de.tudresden.agentontology.blockchainconnect.BlockchainConnection runGreeterContract
INFO: Get logs: Log{removed=false, logIndex='0x0', transactionIndex='0x0', transactionHash='0xcf264f1d068211f08de947a56afff47ffde92a039e7f307e99329a76fcf2727e', blockHash='0xcc7c6a9d5c2b10698796927e814457b5984aa44a3a7438c30b7e5766c1e5b2a7', blockNumber='0x4', address='0xfaaffc52daed8557370b3a3eec0ce77064ab0421', data='0x00000000000000000000000000000000000000000000000000000000000000400000000000000000000000000000000000000000000000000000000000000080000000000000000000000000000000000000000000000000000000000000001748656c6c6f206167656e74206170706c69636174696f6e000000000000000000000000000000000000000000000000000000000000000000000000000000002c4167656e7420312073656e647320616e20494e464f524d206d6573736167652066726f6d204649504141434c0000000000000000000000000000000000000000', type='mined', topics=[0x047dcd1aa8b77b0b943642129c767533eeacd700c7c1eab092b8ce05d2b2faf5, 0x33f99befad855e222e6de1f181c396801ba2564acde6dcc8e4e47ef3530dab0d, 0xa91aff045b6d3bf755756ac1a7d56dd6d95abb39d558f9ae4783e407e272a35f]}
Mar 08, 2022 4:08:22 PM de.tudresden.agentontology.blockchainconnect.BlockchainConnection runClassContract
INFO: Smart contract deployed to address: 0x2fd61aa1e5099ac62bf27ded899040d00f493bdd
Mar 08, 2022 4:08:22 PM de.tudresden.agentontology.blockchainconnect.BlockchainConnection runClassContract
INFO: feeCheck function has been called: TransactionReceipt{transactionHash='0x572be125c849da76828b95f19c097939106bce58a3dbbc30973d68af8a6bea44', transactionIndex='0x0', blockHash='0x8ba253afecbeb13b257be6f54ab772bd833c9a0fa8243806be413cca797781f0', blockNumber='0x6', cumulativeGasUsed='0x20e49', gasUsed='0x20e49', contractAddress='null', root='null', status='0x1', from='0x1902adc179f20dc762425af56fbc62df49c492dc', to='0x2fd61aa1e5099ac62bf27ded899040d00f493bdd', logs=[], logsBloom='0x00000000000000000000000000000000000000000000000000000000000000000000000000000000000000000000000000000000000000000000000000000000000000000000000000000000000000000000000000000000000000000000000000000000000000000000000000000000000000000000000000000000000000000000000000000000000000000000000000000000000000000000000000000000000000000000000000000000000000000000000000000000000000000000000000000000000000000000000000000000000000000000000000000000000000000000000000000000000000000000000000000000000000000000000000000000', revertReason='null'}
Mar 08, 2022 4:08:22 PM de.tudresden.agentontology.blockchainconnect.BlockchainConnection runClassContract
INFO: feeCheck function has been called: false
]]></system-err>
  </testcase>
</testsuite>